Change Component Designator: OldDesignator=C? NewDesignator=C1
Change Component Designator: OldDesignator=C? NewDesignator=C2
Change Component Designator: OldDesignator=J? NewDesignator=J1
Change Component Designator: OldDesignator=Q? NewDesignator=Q1
Change Component Designator: OldDesignator=R? NewDesignator=R1
Change Component Designator: OldDesignator=R? NewDesignator=R2
Change Component Designator: OldDesignator=R? NewDesignator=R3
Change Component Designator: OldDesignator=R? NewDesignator=R4
Change Component Designator: OldDesignator=R? NewDesignator=R5
Change Net Name : Old Net Name=NetC?_1 New Net Name=NetC2_1
Change Net Name : Old Net Name=NetC?_2 New Net Name=NetC2_2
Change Net Name : Old Net Name=NetQ?_1 New Net Name=NetQ1_1
Change Net Name : Old Net Name=NetQ?_3 New Net Name=NetQ1_3
Added Pin To Net: NetName=NetC1_2 Pin=C1-2
Added Pin To Net: NetName=NetC1_2 Pin=R3-2
Added Net: Name=NetC1_2
Added Member To Class: ClassName=LPB-1 Member=Component C1 Cap
Added Member To Class: ClassName=LPB-1 Member=Component C2 Cap
Added Member To Class: ClassName=LPB-1 Member=Component J1 Phonejack2
Added Member To Class: ClassName=LPB-1 Member=Component Q1 2N3904
Added Member To Class: ClassName=LPB-1 Member=Component R1 Res1
Added Member To Class: ClassName=LPB-1 Member=Component R2 Res1
Added Member To Class: ClassName=LPB-1 Member=Component R3 RPot
Added Member To Class: ClassName=LPB-1 Member=Component R4 Res1
Added Member To Class: ClassName=LPB-1 Member=Component R5 Res1
