Removed Member From Class: ClassName=LPB-1 Member=C1
Added Component: Designator=C?(RAD-0.3)
Add component (AddParameter): Name = "LatestRevisionDate"; Value = "17-Jul-2002"; VariantName = "[No Variations]"
Add component (AddParameter): Name = "LatestRevisionNote"; Value = "Re-released for DXP Platform."; VariantName = "[No Variations]"
Add component (AddParameter): Name = "PackageDescription"; Value = "Radial Cap, Thru-Hole; 2 Leads; 0.3 in Pin Spacing"; VariantName = "[No Variations]"
Add component (AddParameter): Name = "PackageReference"; Value = "RAD-0.3"; VariantName = "[No Variations]"
Add component (AddParameter): Name = "Published"; Value = "8-Jun-2000"; VariantName = "[No Variations]"
Add component (AddParameter): Name = "Publisher"; Value = "Altium Limited"; VariantName = "[No Variations]"
Add component (AddParameter): Name = "Value"; Value = "150nF"; VariantName = "[No Variations]"
Added Component: Designator=J?(JACK/6-V2)
Add component (AddParameter): Name = "ComponentLink1Description"; Value = "Manufacturer Link"; VariantName = "[No Variations]"
Add component (AddParameter): Name = "ComponentLink1URL"; Value = "http://www.cliffuk.co.uk/"; VariantName = "[No Variations]"
Add component (AddParameter): Name = "DatasheetDocument"; Value = "2003"; VariantName = "[No Variations]"
Add component (AddParameter): Name = "DrillAndSlotSize"; Value = "Corresponds to nominal value."; VariantName = "[No Variations]"
Add component (AddParameter): Name = "LatestRevisionDate"; Value = "15-Jul-2004"; VariantName = "[No Variations]"
Add component (AddParameter): Name = "LatestRevisionNote"; Value = "Component Replaced."; VariantName = "[No Variations]"
Add component (AddParameter): Name = "PackageDocument"; Value = "2003"; VariantName = "[No Variations]"
Add component (AddParameter): Name = "PackageReference"; Value = "S1VS_SNS"; VariantName = "[No Variations]"
Add component (AddParameter): Name = "PCB_Layout"; Value = "Complies with manufacturer's recommendation."; VariantName = "[No Variations]"
Add component (AddParameter): Name = "Publisher"; Value = "Altium Limited"; VariantName = "[No Variations]"
Added Pin To Net: NetName=GND Pin=J?-1
Added Pin To Net: NetName=NetC?_1 Pin=C?-1
Added Pin To Net: NetName=NetC?_1 Pin=Q1-3
Added Pin To Net: NetName=NetC?_1 Pin=R2-1
Added Net: Name=NetC?_1
Added Pin To Net: NetName=NetC?_2 Pin=C?-2
Added Pin To Net: NetName=NetC?_2 Pin=R3-2
Added Net: Name=NetC?_2
Added Pin To Net: NetName=NetJ?_5 Pin=J?-5
Added Pin To Net: NetName=NetJ?_5 Pin=R3-3
Added Net: Name=NetJ?_5
Added Member To Class: ClassName=LPB-1 Member=Component C? Cap
Added Member To Class: ClassName=LPB-1 Member=Component J? Phonejack2
